<?xml version="1.0" encoding="UTF-8"?>
<testsuite name="ShoppingCartTest" tests="3" skipped="0" failures="0" errors="0" timestamp="2020-01-29T13:12:13" hostname="DESKTOP-GJ4EBDN" time="0.007">
  <properties/>
  <testcase name="testGetItems()" classname="ShoppingCartTest" time="0.002"/>
  <testcase name="getTotalCostTest()" classname="ShoppingCartTest" time="0.001"/>
  <testcase name="getNumItems()" classname="ShoppingCartTest" time="0.002"/>
  <system-out><![CDATA[]]></system-out>
  <system-err><![CDATA[]]></system-err>
</testsuite>
