<?xml version="1.0" encoding="UTF-8"?>
<testsuite name="GerenciadoraClientesTest" tests="9" skipped="0" failures="0" errors="0" timestamp="2020-01-29T13:12:13" hostname="DESKTOP-GJ4EBDN" time="0.022">
  <properties/>
  <testcase name="testPesquisaCliente()" classname="GerenciadoraClientesTest" time="0.003"/>
  <testcase name="testPesquisaClienteInexistente()" classname="GerenciadoraClientesTest" time="0.002"/>
  <testcase name="testRemoveClienteInexistente()" classname="GerenciadoraClientesTest" time="0.001"/>
  <testcase name="testRemoveCliente()" classname="GerenciadoraClientesTest" time="0.001"/>
  <testcase name="testClienteIdadeAceitavel_02()" classname="GerenciadoraClientesTest" time="0.001"/>
  <testcase name="testClienteIdadeAceitavel_03()" classname="GerenciadoraClientesTest" time="0.001"/>
  <testcase name="testClienteIdadeAceitavel_04()" classname="GerenciadoraClientesTest" time="0.001"/>
  <testcase name="testClienteIdadeAceitavel_05()" classname="GerenciadoraClientesTest" time="0.0"/>
  <testcase name="testClienteIdadeAceitavel()" classname="GerenciadoraClientesTest" time="0.001"/>
  <system-out><![CDATA[]]></system-out>
  <system-err><![CDATA[]]></system-err>
</testsuite>
